<?xml version="1.0" encoding="UTF-8"?>
<!-- Generated by org.testng.reporters.JUnitReportReporter -->
<testsuite hostname="DESKTOP-JAQ0FH0" failures="0" tests="1" name="busIrctc_TestScripts.Test1" time="10.042" errors="0" timestamp="2024-07-13T18:22:46 IST" skipped="0">
  <testcase classname="busIrctc_TestScripts.Test1" name="test1" time="10.042"/>
  <system-out/>
</testsuite> <!-- busIrctc_TestScripts.Test1 -->
