<?xml version="1.0" encoding="UTF-8"?>
<!-- Generated by org.testng.reporters.JUnitReportReporter -->
<testsuite hostname="DESKTOP-JAQ0FH0" failures="0" tests="1" name="busIrctc_TestScripts.NewTest" time="0.045" errors="0" timestamp="2024-07-13T20:29:28 IST" skipped="0">
  <testcase classname="busIrctc_TestScripts.NewTest" name="f" time="0.045"/>
  <system-out/>
</testsuite> <!-- busIrctc_TestScripts.NewTest -->
