<?xml version="1.0" encoding="UTF-8"?>
<!-- Generated by org.testng.reporters.JUnitReportReporter -->
<testsuite hostname="DESKTOP-JAQ0FH0" failures="0" tests="1" name="busIrctc_TestScripts.LoginAction_TC01" time="45.907" errors="0" timestamp="2024-07-13T21:02:50 IST" skipped="0">
  <testcase classname="busIrctc_TestScripts.LoginAction_TC01" name="basicActions_TC_01" time="45.907"/>
  <system-out/>
</testsuite> <!-- busIrctc_TestScripts.LoginAction_TC01 -->
