<?xml version="1.0" encoding="UTF-8"?>
<!-- Generated by org.testng.reporters.JUnitReportReporter -->
<testsuite hostname="DESKTOP-JAQ0FH0" failures="0" tests="1" name="busIrctc_genericUtils.JavaUtils" time="0.022" errors="0" timestamp="2024-07-14T18:08:23 IST" skipped="0">
  <testcase classname="busIrctc_genericUtils.JavaUtils" name="getRandomNumber" time="0.022"/>
  <system-out/>
</testsuite> <!-- busIrctc_genericUtils.JavaUtils -->
