<?xml version="1.0" encoding="UTF-8"?>
<!-- Generated by org.testng.reporters.JUnitReportReporter -->
<testsuite hostname="DESKTOP-JAQ0FH0" failures="0" tests="1" name="busIrctc_TestScripts.LoginAction_TC01" time="45.685" errors="0" timestamp="2024-07-14T18:05:38 IST" skipped="0">
  <testcase classname="busIrctc_TestScripts.LoginAction_TC01" name="basicActions_TC_01" time="45.685"/>
  <system-out/>
</testsuite> <!-- busIrctc_TestScripts.LoginAction_TC01 -->
