<?xml version="1.0" encoding="UTF-8"?>
<!-- Generated by org.testng.reporters.JUnitReportReporter -->
<testsuite hostname="DESKTOP-JAQ0FH0" failures="0" tests="1" name="busIrctc_TestScripts.BasicActions" time="31.341" errors="0" timestamp="2024-07-13T20:16:44 IST" skipped="0">
  <testcase classname="busIrctc_TestScripts.BasicActions" name="basicActions_TC_01" time="31.341"/>
  <system-out/>
</testsuite> <!-- busIrctc_TestScripts.BasicActions -->
